2025-01-17 21:32:40,220 - INFO - Starting screen capture...
2025-01-17 21:32:40,387 - INFO - Processed screenshot saved as 'enhanced_debug.png'.
2025-01-17 21:32:40,432 - DEBUG - ['C:/Program Files/Tesseract-OCR/tesseract.exe', 'C:\\Users\\Aseel\\AppData\\Local\\Temp\\tess_d0ckp49b_input.PNG', 'C:\\Users\\Aseel\\AppData\\Local\\Temp\\tess_d0ckp49b', '-l', 'eng', '--oem', '3', '--psm', '6', 'txt']
2025-01-17 21:32:40,551 - ERROR - Tesseract OCR failed: (1, 'Error opening data file C:/Program Files/Tesseract-OCR/eng.traineddata Please make sure the TESSDATA_PREFIX environment variable is set to your "tessdata" directory. Failed loading language \'eng\' Tesseract couldn\'t load any languages! Could not initialize tesseract.')
2025-01-17 21:32:40,551 - INFO - Starting EasyOCR...
2025-01-17 21:32:40,565 - WARNING - Neither CUDA nor MPS are available - defaulting to CPU. Note: This module is much faster with a GPU.
2025-01-17 21:32:56,103 - DEBUG - OCR Text (EasyOCR): Issues . yaseeVAQR Aseel Yousif | Messenger Al Scr...
2025-01-17 21:32:56,103 - DEBUG - Raw OCR Output: Issues . yaseeVAQR Aseel Yousif | Messenger Al Screensharing with OCR Random Trivia Generator What is the 'touch' command Processing , 303 0 | 88 Processing OCR; p51131IC Eglo 900022 LED R  OBI barkacs es wed .. INTERdecohu Inter . Graphic Freel _. Football Steams Close Aseel Yousif nui Search Messenger Aseel Yousif Samu Szekely UDItctu <euronics You: Es nem tudom miert xd 12m Aseel Yousif Search You: What animal s fingerprints resembles huz. 22m Chat info Patrik Roman Jan 5, 2025, 9.40PM Kar-6h Customize chat Hello Projekt xy Media; files and links You: Vagyy nemtom-gh 12.39AM 4io Who was the third president of the united states? 18h 8.35PM Laszlo Vajda You: Nincs mit " 20h Thomas Jefferson: Nandor Loos What molecule is ozone? nem figyeltem elege.22h 03 What does the Kardashev Scale measure? Marcell sent a GIF : 23h The Kardashev Scale measures civilization' $ level of technological advancement Joco Tasso based on the amount of energy it is able t0 use_ You: Buzi nem vagyok xd: Id What is the more common name for the hormone epinephrine? Horvath; Viktor; Laszlo Bendeguz Adrenaline: Laszlo Bendeguz: Jolvan raer- Id What animal $ fingerprints resembles human'$ the closest? Baratok_ Sent 22m ago Mark voted for "3,9 in the Gabor Mandzak 21.32 Search HUN C c) 2025.01. 17. Unity poll .
2025-01-17 21:32:56,103 - DEBUG - Cleaned OCR Output: Issues . yaseeVAQR Aseel Yousif Messenger Al Screensharing with OCR Random Trivia Generator What is the 'touch' command Processing , 303 0 88 Processing OCR; p51131IC Eglo 900022 LED R OBI barkacs es wed .. INTERdecohu Inter . Graphic Freel _. Football Steams Close Aseel Yousif nui Search Messenger Aseel Yousif Samu Szekely UDItctu euronics You: Es nem tudom miert xd 12m Aseel Yousif Search You: What animal s fingerprints resembles huz. 22m Chat info Patrik Roman Jan 5, 2025, 9.40PM Kar-6h Customize chat Hello Projekt xy Media; files and links You: Vagyy nemtom-gh 12.39AM 4io Who was the third president of the united states? 18h 8.35PM Laszlo Vajda You: Nincs mit " 20h Thomas Jefferson: Nandor Loos What molecule is ozone? nem figyeltem elege.22h 03 What does the Kardashev Scale measure? Marcell sent a GIF : 23h The Kardashev Scale measures civilization' level of technological advancement Joco Tasso based on the amount of energy it is able t0 use_ You: Buzi nem vagyok xd: Id What is the more common name for the hormone epinephrine? Horvath; Viktor; Laszlo Bendeguz Adrenaline: Laszlo Bendeguz: Jolvan raer- Id What animal fingerprints resembles human' the closest? Baratok_ Sent 22m ago Mark voted for "3,9 in the Gabor Mandzak 21.32 Search HUN C c) 2025.01. 17. Unity poll .
2025-01-17 21:32:56,244 - DEBUG - connect_tcp.started host='api.cohere.com' port=443 local_address=None timeout=300 socket_options=None
2025-01-17 21:32:56,336 - DEBUG - connect_tcp.complete return_value=<httpcore._backends.sync.SyncStream object at 0x0000016C0011B160>
2025-01-17 21:32:56,336 - DEBUG - start_tls.started ssl_context=<ssl.SSLContext object at 0x0000016C788476C0> server_hostname='api.cohere.com' timeout=300
2025-01-17 21:32:56,369 - DEBUG - start_tls.complete return_value=<httpcore._backends.sync.SyncStream object at 0x0000016C0011B130>
2025-01-17 21:32:56,369 - DEBUG - send_request_headers.started request=<Request [b'POST']>
2025-01-17 21:32:56,369 - DEBUG - send_request_headers.complete
2025-01-17 21:32:56,369 - DEBUG - send_request_body.started request=<Request [b'POST']>
2025-01-17 21:32:56,369 - DEBUG - send_request_body.complete
2025-01-17 21:32:56,369 - DEBUG - receive_response_headers.started request=<Request [b'POST']>
2025-01-17 21:32:58,993 - DEBUG - receive_response_headers.complete return_value=(b'HTTP/1.1', 200, b'OK', [(b'access-control-expose-headers', b'X-Debug-Trace-ID'), (b'cache-control', b'no-cache, no-store, no-transform, must-revalidate, private, max-age=0'), (b'content-type', b'application/json'), (b'expires', b'Thu, 01 Jan 1970 00:00:00 UTC'), (b'num_chars', b'1398'), (b'num_tokens', b'428'), (b'pragma', b'no-cache'), (b'vary', b'Origin'), (b'x-accel-expires', b'0'), (b'x-api-warning', b'unknown field: parameter model is not a valid field'), (b'x-debug-trace-id', b'57ce534021c226ad45438ac80d0b21a5'), (b'x-endpoint-monthly-call-limit', b'1000'), (b'x-trial-endpoint-call-limit', b'40'), (b'x-trial-endpoint-call-remaining', b'39'), (b'date', b'Fri, 17 Jan 2025 20:32:59 GMT'), (b'Content-Length', b'1652'), (b'x-envoy-upstream-service-time', b'2469'), (b'server', b'envoy'), (b'Via', b'1.1 google'), (b'Alt-Svc', b'h3=":443"; ma=2592000,h3-29=":443"; ma=2592000')])
2025-01-17 21:32:58,993 - INFO - HTTP Request: POST https://api.cohere.com/v1/generate "HTTP/1.1 200 OK"
2025-01-17 21:32:58,993 - DEBUG - receive_response_body.started request=<Request [b'POST']>
2025-01-17 21:32:58,993 - DEBUG - receive_response_body.complete
2025-01-17 21:32:58,993 - DEBUG - response_closed.started
2025-01-17 21:32:58,993 - DEBUG - response_closed.complete
